This file contains any messages produced by compilers while
running configure, to aid debugging if configure makes a mistake.

It was created by libquantum configure 0.9.1, which was
generated by GNU Autoconf 2.61.  Invocation command line was

  $ ./configure -prefix /Users/benjamin/Desktop/quantum/libquantum

## --------- ##
## Platform. ##
## --------- ##

hostname = MacBook-Air-2.local
uname -m = x86_64
uname -r = 18.0.0
uname -s = Darwin
uname -v = Darwin Kernel Version 18.0.0: Wed Aug 22 20:13:40 PDT 2018; root:xnu-4903.201.2~1/RELEASE_X86_64

/usr/bin/uname -p = i386
/bin/uname -X     = unknown

/bin/arch              = unknown
/usr/bin/arch -k       = unknown
/usr/convex/getsysinfo = unknown
/usr/bin/hostinfo      = Mach kernel version:
	 Darwin Kernel Version 18.0.0: Wed Aug 22 20:13:40 PDT 2018; root:xnu-4903.201.2~1/RELEASE_X86_64
Kernel configured for up to 4 processors.
2 processors are physically available.
4 processors are logically available.
Processor type: x86_64h (Intel x86-64h Haswell)
Processors active: 0 1 2 3
Primary memory available: 4.00 gigabytes
Default processor set: 364 tasks, 1267 threads, 4 processors
Load average: 1.95, Mach factor: 2.16
/bin/machine           = unknown
/usr/bin/oslevel       = unknown
/bin/universe          = unknown

PATH: /Users/benjamin/.opam/4.02.3+buckle-master/bin
PATH: /Users/benjamin/Library/Python/2.7/bin
PATH: /Users/benjamin/.npm-global/bin
PATH: /usr/local/bin
PATH: /usr/bin
PATH: /bin
PATH: /usr/sbin
PATH: /sbin
PATH: /opt/X11/bin
PATH: /usr/local/opt/fzf/bin
PATH: /Users/benjamin/.rvm/bin


## ----------- ##
## Core tests. ##
## ----------- ##

configure:1941: checking for gcc
configure:1957: found /usr/bin/gcc
configure:1968: result: gcc
configure:2206: checking for C compiler version
configure:2213: gcc --version >&5
Configured with: --prefix=/Applications/Xcode-beta.app/Contents/Developer/usr --with-gxx-include-dir=/Applications/Xcode-beta.app/Contents/Developer/Platforms/MacOSX.platform/Developer/SDKs/MacOSX10.14.sdk/usr/include/c++/4.2.1
Apple LLVM version 10.0.0 (clang-1000.11.45.5)
Target: x86_64-apple-darwin18.0.0
Thread model: posix
InstalledDir: /Applications/Xcode-beta.app/Contents/Developer/Toolchains/XcodeDefault.xctoolchain/usr/bin
configure:2216: $? = 0
configure:2223: gcc -v >&5
Configured with: --prefix=/Applications/Xcode-beta.app/Contents/Developer/usr --with-gxx-include-dir=/Applications/Xcode-beta.app/Contents/Developer/Platforms/MacOSX.platform/Developer/SDKs/MacOSX10.14.sdk/usr/include/c++/4.2.1
Apple LLVM version 10.0.0 (clang-1000.11.45.5)
Target: x86_64-apple-darwin18.0.0
Thread model: posix
InstalledDir: /Applications/Xcode-beta.app/Contents/Developer/Toolchains/XcodeDefault.xctoolchain/usr/bin
configure:2226: $? = 0
configure:2233: gcc -V >&5
clang: error: argument to '-V' is missing (expected 1 value)
clang: error: no input files
configure:2236: $? = 1
configure:2259: checking for C compiler default output file name
configure:2286: gcc    conftest.c  >&5
configure:2289: $? = 0
configure:2327: result: a.out
configure:2344: checking whether the C compiler works
configure:2354: ./a.out
configure:2357: $? = 0
configure:2374: result: yes
configure:2381: checking whether we are cross compiling
configure:2383: result: no
configure:2386: checking for suffix of executables
configure:2393: gcc -o conftest    conftest.c  >&5
configure:2396: $? = 0
configure:2420: result: 
configure:2426: checking for suffix of object files
configure:2452: gcc -c   conftest.c >&5
configure:2455: $? = 0
configure:2478: result: o
configure:2482: checking whether we are using the GNU C compiler
configure:2511: gcc -c   conftest.c >&5
configure:2517: $? = 0
configure:2534: result: yes
configure:2539: checking whether gcc accepts -g
configure:2569: gcc -c -g  conftest.c >&5
configure:2575: $? = 0
configure:2674: result: yes
configure:2691: checking for gcc option to accept ISO C89
configure:2765: gcc  -c -g -O2  conftest.c >&5
configure:2771: $? = 0
configure:2794: result: none needed
configure:2856: checking for a BSD-compatible install
configure:2912: result: /usr/bin/install -c
configure:3001: checking build system type
configure:3019: result: i686-apple-darwin18.0.0
configure:3041: checking host system type
configure:3056: result: i686-apple-darwin18.0.0
configure:3078: checking for a sed that does not truncate output
configure:3132: result: /usr/bin/sed
configure:3135: checking for grep that handles long lines and -e
configure:3209: result: /usr/bin/grep
configure:3214: checking for egrep
configure:3292: result: /usr/bin/grep -E
configure:3308: checking for ld used by gcc
configure:3375: result: /Applications/Xcode-beta.app/Contents/Developer/Toolchains/XcodeDefault.xctoolchain/usr/bin/ld
configure:3384: checking if the linker (/Applications/Xcode-beta.app/Contents/Developer/Toolchains/XcodeDefault.xctoolchain/usr/bin/ld) is GNU ld
configure:3399: result: no
configure:3404: checking for /Applications/Xcode-beta.app/Contents/Developer/Toolchains/XcodeDefault.xctoolchain/usr/bin/ld option to reload object files
configure:3411: result: -r
configure:3420: checking for BSD-compatible nm
configure:3462: result: /usr/bin/nm -B
configure:3466: checking whether ln -s works
configure:3470: result: yes
configure:3477: checking how to recognise dependent libraries
configure:3651: result: pass_all
configure:3862: checking how to run the C preprocessor
configure:3902: gcc -E  conftest.c
configure:3908: $? = 0
configure:3939: gcc -E  conftest.c
conftest.c:8:10: fatal error: 'ac_nonexistent.h' file not found
#include <ac_nonexistent.h>
         ^~~~~~~~~~~~~~~~~~
1 error generated.
configure:3945: $? = 1
configure: failed program was:
| /* confdefs.h.  */
| #define PACKAGE_NAME "libquantum"
| #define PACKAGE_TARNAME "libquantum"
| #define PACKAGE_VERSION "0.9.1"
| #define PACKAGE_STRING "libquantum 0.9.1"
| #define PACKAGE_BUGREPORT "libquantum@libquantum.de"
| /* end confdefs.h.  */
| #include <ac_nonexistent.h>
configure:3978: result: gcc -E
configure:4007: gcc -E  conftest.c
configure:4013: $? = 0
configure:4044: gcc -E  conftest.c
conftest.c:8:10: fatal error: 'ac_nonexistent.h' file not found
#include <ac_nonexistent.h>
         ^~~~~~~~~~~~~~~~~~
1 error generated.
configure:4050: $? = 1
configure: failed program was:
| /* confdefs.h.  */
| #define PACKAGE_NAME "libquantum"
| #define PACKAGE_TARNAME "libquantum"
| #define PACKAGE_VERSION "0.9.1"
| #define PACKAGE_STRING "libquantum 0.9.1"
| #define PACKAGE_BUGREPORT "libquantum@libquantum.de"
| /* end confdefs.h.  */
| #include <ac_nonexistent.h>
configure:4088: checking for ANSI C header files
configure:4118: gcc -c -g -O2  conftest.c >&5
configure:4124: $? = 0
configure:4223: gcc -o conftest -g -O2   conftest.c  >&5
configure:4226: $? = 0
configure:4232: ./conftest
configure:4235: $? = 0
configure:4252: result: yes
configure:4276: checking for sys/types.h
configure:4297: gcc -c -g -O2  conftest.c >&5
configure:4303: $? = 0
configure:4319: result: yes
configure:4276: checking for sys/stat.h
configure:4297: gcc -c -g -O2  conftest.c >&5
configure:4303: $? = 0
configure:4319: result: yes
configure:4276: checking for stdlib.h
configure:4297: gcc -c -g -O2  conftest.c >&5
configure:4303: $? = 0
configure:4319: result: yes
configure:4276: checking for string.h
configure:4297: gcc -c -g -O2  conftest.c >&5
configure:4303: $? = 0
configure:4319: result: yes
configure:4276: checking for memory.h
configure:4297: gcc -c -g -O2  conftest.c >&5
configure:4303: $? = 0
configure:4319: result: yes
configure:4276: checking for strings.h
configure:4297: gcc -c -g -O2  conftest.c >&5
configure:4303: $? = 0
configure:4319: result: yes
configure:4276: checking for inttypes.h
configure:4297: gcc -c -g -O2  conftest.c >&5
configure:4303: $? = 0
configure:4319: result: yes
configure:4276: checking for stdint.h
configure:4297: gcc -c -g -O2  conftest.c >&5
configure:4303: $? = 0
configure:4319: result: yes
configure:4276: checking for unistd.h
configure:4297: gcc -c -g -O2  conftest.c >&5
configure:4303: $? = 0
configure:4319: result: yes
configure:4346: checking dlfcn.h usability
configure:4363: gcc -c -g -O2  conftest.c >&5
configure:4369: $? = 0
configure:4383: result: yes
configure:4387: checking dlfcn.h presence
configure:4402: gcc -E  conftest.c
configure:4408: $? = 0
configure:4422: result: yes
configure:4455: checking for dlfcn.h
configure:4463: result: yes
configure:4480: checking the maximum length of command line arguments
configure:4545: result: 65536
configure:4556: checking command to parse /usr/bin/nm -B output from gcc object
configure:4645: gcc -c -g -O2  conftest.c >&5
configure:4648: $? = 0
configure:4652: /usr/bin/nm -B conftest.o \| sed -n -e 's/^.*[ 	]\([BCDEGRST][BCDEGRST]*\)[ 	][ 	]*\(\)\([_A-Za-z][_A-Za-z0-9]*\)$/\1 \2\3 \3/p' \> conftest.nm
configure:4655: $? = 0
cannot find nm_test_var in conftest.nm
configure:4645: gcc -c -g -O2  conftest.c >&5
configure:4648: $? = 0
configure:4652: /usr/bin/nm -B conftest.o \| sed -n -e 's/^.*[ 	]\([BCDEGRST][BCDEGRST]*\)[ 	][ 	]*\(_\)\([_A-Za-z][_A-Za-z0-9]*\)$/\1 \2\3 \3/p' \> conftest.nm
configure:4655: $? = 0
configure:4707: gcc -o conftest -g -O2   conftest.c conftstm.o >&5
warning: (x86_64)  could not find object file symbol for symbol _main
configure:4710: $? = 0
configure:4748: result: ok
configure:4752: checking for objdir
configure:4767: result: .libs
configure:4859: checking for ar
configure:4875: found /usr/bin/ar
configure:4886: result: ar
configure:4955: checking for ranlib
configure:4971: found /usr/bin/ranlib
configure:4982: result: ranlib
configure:5051: checking for strip
configure:5067: found /usr/bin/strip
configure:5078: result: strip
configure:5354: checking if gcc static flag  works
configure:5377: result: yes
configure:5399: checking if gcc supports -fno-rtti -fno-exceptions
configure:5417: gcc -c -g -O2  -fno-rtti -fno-exceptions conftest.c >&5
configure:5421: $? = 0
configure:5432: result: yes
configure:5447: checking for gcc option to produce PIC
configure:5624: result: -fno-common
configure:5632: checking if gcc PIC flag -fno-common works
configure:5650: gcc -c -g -O2  -fno-common -DPIC conftest.c >&5
configure:5654: $? = 0
configure:5665: result: yes
configure:5689: checking if gcc supports -c -o file.o
configure:5710: gcc -c -g -O2  -o out/conftest2.o conftest.c >&5
configure:5714: $? = 0
configure:5734: result: yes
configure:5760: checking whether the gcc linker (/Applications/Xcode-beta.app/Contents/Developer/Toolchains/XcodeDefault.xctoolchain/usr/bin/ld) supports shared libraries
configure:6605: result: no
configure:6676: checking dynamic linker characteristics
configure:7228: result: darwin18.0.0 dyld
configure:7232: checking how to hardcode library paths into programs
configure:7257: result: immediate
configure:7271: checking whether stripping libraries is possible
configure:7284: result: yes
configure:8073: checking if libtool supports shared libraries
configure:8075: result: no
configure:8078: checking whether to build shared libraries
configure:8136: result: no
configure:8139: checking whether to build static libraries
configure:8143: result: yes
configure:8235: creating libtool
configure:8722: checking for sqrt in -lm
configure:8757: gcc -o conftest -g -O2   conftest.c -lm   >&5
conftest.c:26:6: warning: incompatible redeclaration of library function 'sqrt' [-Wincompatible-library-redeclaration]
char sqrt ();
     ^
conftest.c:26:6: note: 'sqrt' is a builtin with type 'double (double)'
1 warning generated.
configure:8763: $? = 0
configure:8781: result: yes
configure:8794: checking for ANSI C header files
configure:8958: result: yes
configure:8985: checking fcntl.h usability
configure:9002: gcc -c -g -O2  conftest.c >&5
configure:9008: $? = 0
configure:9022: result: yes
configure:9026: checking fcntl.h presence
configure:9041: gcc -E  conftest.c
configure:9047: $? = 0
configure:9061: result: yes
configure:9094: checking for fcntl.h
configure:9102: result: yes
configure:8975: checking for stdlib.h
configure:8981: result: yes
configure:8975: checking for unistd.h
configure:8981: result: yes
configure:9117: checking for inline
configure:9143: gcc -c -g -O2  conftest.c >&5
configure:9149: $? = 0
configure:9167: result: inline
configure:9194: checking for uint_64t
configure:9224: gcc -c -g -O2  conftest.c >&5
conftest.c:57:9: error: unknown type name 'uint_64t'
typedef uint_64t ac__type_new_;
        ^
1 error generated.
configure:9230: $? = 1
configure: failed program was:
| /* confdefs.h.  */
| #define PACKAGE_NAME "libquantum"
| #define PACKAGE_TARNAME "libquantum"
| #define PACKAGE_VERSION "0.9.1"
| #define PACKAGE_STRING "libquantum 0.9.1"
| #define PACKAGE_BUGREPORT "libquantum@libquantum.de"
| #define STDC_HEADERS 1
| #define HAVE_SYS_TYPES_H 1
| #define HAVE_SYS_STAT_H 1
| #define HAVE_STDLIB_H 1
| #define HAVE_STRING_H 1
| #define HAVE_MEMORY_H 1
| #define HAVE_STRINGS_H 1
| #define HAVE_INTTYPES_H 1
| #define HAVE_STDINT_H 1
| #define HAVE_UNISTD_H 1
| #define HAVE_DLFCN_H 1
| #define HAVE_LIBM 1
| #define STDC_HEADERS 1
| #define HAVE_FCNTL_H 1
| #define HAVE_STDLIB_H 1
| #define HAVE_UNISTD_H 1
| /* end confdefs.h.  */
| #include <stdio.h>
| #ifdef HAVE_SYS_TYPES_H
| # include <sys/types.h>
| #endif
| #ifdef HAVE_SYS_STAT_H
| # include <sys/stat.h>
| #endif
| #ifdef STDC_HEADERS
| # include <stdlib.h>
| # include <stddef.h>
| #else
| # ifdef HAVE_STDLIB_H
| #  include <stdlib.h>
| # endif
| #endif
| #ifdef HAVE_STRING_H
| # if !defined STDC_HEADERS && defined HAVE_MEMORY_H
| #  include <memory.h>
| # endif
| # include <string.h>
| #endif
| #ifdef HAVE_STRINGS_H
| # include <strings.h>
| #endif
| #ifdef HAVE_INTTYPES_H
| # include <inttypes.h>
| #endif
| #ifdef HAVE_STDINT_H
| # include <stdint.h>
| #endif
| #ifdef HAVE_UNISTD_H
| # include <unistd.h>
| #endif
| typedef uint_64t ac__type_new_;
| int
| main ()
| {
| if ((ac__type_new_ *) 0)
|   return 0;
| if (sizeof (ac__type_new_))
|   return 0;
|   ;
|   return 0;
| }
configure:9245: result: no
configure:9259: checking for u_int_64t
configure:9289: gcc -c -g -O2  conftest.c >&5
conftest.c:57:9: error: unknown type name 'u_int_64t'
typedef u_int_64t ac__type_new_;
        ^
1 error generated.
configure:9295: $? = 1
configure: failed program was:
| /* confdefs.h.  */
| #define PACKAGE_NAME "libquantum"
| #define PACKAGE_TARNAME "libquantum"
| #define PACKAGE_VERSION "0.9.1"
| #define PACKAGE_STRING "libquantum 0.9.1"
| #define PACKAGE_BUGREPORT "libquantum@libquantum.de"
| #define STDC_HEADERS 1
| #define HAVE_SYS_TYPES_H 1
| #define HAVE_SYS_STAT_H 1
| #define HAVE_STDLIB_H 1
| #define HAVE_STRING_H 1
| #define HAVE_MEMORY_H 1
| #define HAVE_STRINGS_H 1
| #define HAVE_INTTYPES_H 1
| #define HAVE_STDINT_H 1
| #define HAVE_UNISTD_H 1
| #define HAVE_DLFCN_H 1
| #define HAVE_LIBM 1
| #define STDC_HEADERS 1
| #define HAVE_FCNTL_H 1
| #define HAVE_STDLIB_H 1
| #define HAVE_UNISTD_H 1
| /* end confdefs.h.  */
| #include <stdio.h>
| #ifdef HAVE_SYS_TYPES_H
| # include <sys/types.h>
| #endif
| #ifdef HAVE_SYS_STAT_H
| # include <sys/stat.h>
| #endif
| #ifdef STDC_HEADERS
| # include <stdlib.h>
| # include <stddef.h>
| #else
| # ifdef HAVE_STDLIB_H
| #  include <stdlib.h>
| # endif
| #endif
| #ifdef HAVE_STRING_H
| # if !defined STDC_HEADERS && defined HAVE_MEMORY_H
| #  include <memory.h>
| # endif
| # include <string.h>
| #endif
| #ifdef HAVE_STRINGS_H
| # include <strings.h>
| #endif
| #ifdef HAVE_INTTYPES_H
| # include <inttypes.h>
| #endif
| #ifdef HAVE_STDINT_H
| # include <stdint.h>
| #endif
| #ifdef HAVE_UNISTD_H
| # include <unistd.h>
| #endif
| typedef u_int_64t ac__type_new_;
| int
| main ()
| {
| if ((ac__type_new_ *) 0)
|   return 0;
| if (sizeof (ac__type_new_))
|   return 0;
|   ;
|   return 0;
| }
configure:9310: result: no
configure:9323: checking for unsigned long long
configure:9353: gcc -c -g -O2  conftest.c >&5
configure:9359: $? = 0
configure:9374: result: yes
configure:9401: checking for float _Complex
configure:9431: gcc -c -g -O2  conftest.c >&5
configure:9437: $? = 0
configure:9452: result: yes
configure:9537: checking for the imaginary unit
configure:9566: gcc -c -g -O2  conftest.c >&5
conftest.c:30:3: error: use of undeclared identifier 'I'
z=I;
  ^
1 error generated.
configure:9572: $? = 1
configure: failed program was:
| /* confdefs.h.  */
| #define PACKAGE_NAME "libquantum"
| #define PACKAGE_TARNAME "libquantum"
| #define PACKAGE_VERSION "0.9.1"
| #define PACKAGE_STRING "libquantum 0.9.1"
| #define PACKAGE_BUGREPORT "libquantum@libquantum.de"
| #define STDC_HEADERS 1
| #define HAVE_SYS_TYPES_H 1
| #define HAVE_SYS_STAT_H 1
| #define HAVE_STDLIB_H 1
| #define HAVE_STRING_H 1
| #define HAVE_MEMORY_H 1
| #define HAVE_STRINGS_H 1
| #define HAVE_INTTYPES_H 1
| #define HAVE_STDINT_H 1
| #define HAVE_UNISTD_H 1
| #define HAVE_DLFCN_H 1
| #define HAVE_LIBM 1
| #define STDC_HEADERS 1
| #define HAVE_FCNTL_H 1
| #define HAVE_STDLIB_H 1
| #define HAVE_UNISTD_H 1
| #define MAX_UNSIGNED unsigned long long
| #define COMPLEX_FLOAT float _Complex
| /* end confdefs.h.  */
| float _Complex z;
| int
| main ()
| {
| z=I;
|   ;
|   return 0;
| }
configure:9611: gcc -c -g -O2  conftest.c >&5
conftest.c:30:3: error: use of undeclared identifier '_Complex_I'
z=_Complex_I;
  ^
1 error generated.
configure:9617: $? = 1
configure: failed program was:
| /* confdefs.h.  */
| #define PACKAGE_NAME "libquantum"
| #define PACKAGE_TARNAME "libquantum"
| #define PACKAGE_VERSION "0.9.1"
| #define PACKAGE_STRING "libquantum 0.9.1"
| #define PACKAGE_BUGREPORT "libquantum@libquantum.de"
| #define STDC_HEADERS 1
| #define HAVE_SYS_TYPES_H 1
| #define HAVE_SYS_STAT_H 1
| #define HAVE_STDLIB_H 1
| #define HAVE_STRING_H 1
| #define HAVE_MEMORY_H 1
| #define HAVE_STRINGS_H 1
| #define HAVE_INTTYPES_H 1
| #define HAVE_STDINT_H 1
| #define HAVE_UNISTD_H 1
| #define HAVE_DLFCN_H 1
| #define HAVE_LIBM 1
| #define STDC_HEADERS 1
| #define HAVE_FCNTL_H 1
| #define HAVE_STDLIB_H 1
| #define HAVE_UNISTD_H 1
| #define MAX_UNSIGNED unsigned long long
| #define COMPLEX_FLOAT float _Complex
| /* end confdefs.h.  */
| float _Complex z;
| int
| main ()
| {
| z=_Complex_I;
|   ;
|   return 0;
| }
configure:9655: gcc -c -g -O2  conftest.c >&5
configure:9661: $? = 0
configure:9686: result: 1i
configure:9816: creating ./config.status

## ---------------------- ##
## Running config.status. ##
## ---------------------- ##

This file was extended by libquantum config.status 0.9.1, which was
generated by GNU Autoconf 2.61.  Invocation command line was

  CONFIG_FILES    = 
  CONFIG_HEADERS  = 
  CONFIG_LINKS    = 
  CONFIG_COMMANDS = 
  $ ./config.status 

on MacBook-Air-2.local

config.status:614: creating Makefile
config.status:614: creating quantum.h
config.status:614: creating types.h
config.status:614: creating config.h
config.status:842: config.h is unchanged

## ---------------- ##
## Cache variables. ##
## ---------------- ##

ac_cv_build=i686-apple-darwin18.0.0
ac_cv_c_compiler_gnu=yes
ac_cv_c_inline=inline
ac_cv_env_CC_set=
ac_cv_env_CC_value=
ac_cv_env_CFLAGS_set=
ac_cv_env_CFLAGS_value=
ac_cv_env_CPPFLAGS_set=
ac_cv_env_CPPFLAGS_value=
ac_cv_env_CPP_set=
ac_cv_env_CPP_value=
ac_cv_env_LDFLAGS_set=
ac_cv_env_LDFLAGS_value=
ac_cv_env_LIBS_set=
ac_cv_env_LIBS_value=
ac_cv_env_build_alias_set=
ac_cv_env_build_alias_value=
ac_cv_env_host_alias_set=
ac_cv_env_host_alias_value=
ac_cv_env_target_alias_set=
ac_cv_env_target_alias_value=
ac_cv_header_dlfcn_h=yes
ac_cv_header_fcntl_h=yes
ac_cv_header_inttypes_h=yes
ac_cv_header_memory_h=yes
ac_cv_header_stdc=yes
ac_cv_header_stdint_h=yes
ac_cv_header_stdlib_h=yes
ac_cv_header_string_h=yes
ac_cv_header_strings_h=yes
ac_cv_header_sys_stat_h=yes
ac_cv_header_sys_types_h=yes
ac_cv_header_unistd_h=yes
ac_cv_host=i686-apple-darwin18.0.0
ac_cv_lib_m_sqrt=yes
ac_cv_objext=o
ac_cv_path_EGREP='/usr/bin/grep -E'
ac_cv_path_GREP=/usr/bin/grep
ac_cv_path_install='/usr/bin/install -c'
ac_cv_prog_CPP='gcc -E'
ac_cv_prog_ac_ct_AR=ar
ac_cv_prog_ac_ct_CC=gcc
ac_cv_prog_ac_ct_RANLIB=ranlib
ac_cv_prog_ac_ct_STRIP=strip
ac_cv_prog_cc_c89=
ac_cv_prog_cc_g=yes
ac_cv_type_float__Complex=yes
ac_cv_type_u_int_64t=no
ac_cv_type_uint_64t=no
ac_cv_type_unsigned_long_long=yes
lt_cv_deplibs_check_method=pass_all
lt_cv_file_magic_cmd='$MAGIC_CMD'
lt_cv_file_magic_test_file=
lt_cv_ld_reload_flag=-r
lt_cv_objdir=.libs
lt_cv_path_LD=/Applications/Xcode-beta.app/Contents/Developer/Toolchains/XcodeDefault.xctoolchain/usr/bin/ld
lt_cv_path_NM='/usr/bin/nm -B'
lt_cv_path_SED=/usr/bin/sed
lt_cv_prog_compiler_c_o=yes
lt_cv_prog_compiler_rtti_exceptions=yes
lt_cv_prog_gnu_ld=no
lt_cv_sys_global_symbol_pipe='sed -n -e '\''s/^.*[ 	]\([BCDEGRST][BCDEGRST]*\)[ 	][ 	]*\(_\)\([_A-Za-z][_A-Za-z0-9]*\)$/\1 \2\3 \3/p'\'''
lt_cv_sys_global_symbol_to_c_name_address='sed -n -e '\''s/^: \([^ ]*\) $/  {\"\1\", (lt_ptr) 0},/p'\'' -e '\''s/^[BCDEGRST] \([^ ]*\) \([^ ]*\)$/  {"\2", (lt_ptr) \&\2},/p'\'''
lt_cv_sys_global_symbol_to_cdecl='sed -n -e '\''s/^. .* \(.*\)$/extern int \1;/p'\'''
lt_cv_sys_max_cmd_len=65536
lt_lt_cv_prog_compiler_c_o='"yes"'
lt_lt_cv_sys_global_symbol_pipe='"sed -n -e '\''s/^.*[ 	]\\([BCDEGRST][BCDEGRST]*\\)[ 	][ 	]*\\(_\\)\\([_A-Za-z][_A-Za-z0-9]*\\)\$/\\1 \\2\\3 \\3/p'\''"'
lt_lt_cv_sys_global_symbol_to_c_name_address='"sed -n -e '\''s/^: \\([^ ]*\\) \$/  {\\\"\\1\\\", (lt_ptr) 0},/p'\'' -e '\''s/^[BCDEGRST] \\([^ ]*\\) \\([^ ]*\\)\$/  {\"\\2\", (lt_ptr) \\&\\2},/p'\''"'
lt_lt_cv_sys_global_symbol_to_cdecl='"sed -n -e '\''s/^. .* \\(.*\\)\$/extern int \\1;/p'\''"'

## ----------------- ##
## Output variables. ##
## ----------------- ##

AR='ar'
CC='gcc'
CFLAGS='-g -O2 -Wall'
CF_TYPE='float _Complex'
CPP='gcc -E'
CPPFLAGS=''
DEFS='-DHAVE_CONFIG_H'
ECHO='/bin/echo'
ECHO_C='ECHO_N=''
ECHO_T=''
EGREP='/usr/bin/grep -E'
EXEEXT=''
GREP='/usr/bin/grep'
I='1i'
INSTALL_DATA='${INSTALL} -m 644'
INSTALL_PROGRAM='${INSTALL}'
INSTALL_SCRIPT='${INSTALL}'
LDFLAGS=''
LIBOBJS=''
LIBS='-lm '
LIBTOOL='$(SHELL) $(top_builddir)/libtool'
LN_S='ln -s'
LTLIBOBJS=''
MU_TYPE='unsigned long long'
OBJEXT='o'
PACKAGE_BUGREPORT='libquantum@libquantum.de'
PACKAGE_NAME='libquantum'
PACKAGE_STRING='libquantum 0.9.1'
PACKAGE_TARNAME='libquantum'
PACKAGE_VERSION='0.9.1'
PATH_SEPARATOR=':'
RANLIB='ranlib'
SHELL='/bin/sh'
STRIP='strip'
ac_ct_CC='gcc'
bindir='${exec_prefix}/bin'
build='i686-apple-darwin18.0.0'
build_alias=''
build_cpu='i686'
build_os='darwin18.0.0'
build_vendor='apple'
datadir='${datarootdir}'
datarootdir='${prefix}/share'
docdir='${datarootdir}/doc/${PACKAGE_TARNAME}'
dvidir='${docdir}'
exec_prefix='${prefix}'
host='i686-apple-darwin18.0.0'
host_alias=''
host_cpu='i686'
host_os='darwin18.0.0'
host_vendor='apple'
htmldir='${docdir}'
includedir='${prefix}/include'
infodir='${datarootdir}/info'
libdir='${exec_prefix}/lib'
libexecdir='${exec_prefix}/libexec'
localedir='${datarootdir}/locale'
localstatedir='${prefix}/var'
mandir='${datarootdir}/man'
oldincludedir='/usr/include'
pdfdir='${docdir}'
prefix='/Users/benjamin/Desktop/quantum/libquantum'
program_transform_name='s,x,x,'
psdir='${docdir}'
sbindir='${exec_prefix}/sbin'
sharedstatedir='${prefix}/com'
sysconfdir='${prefix}/etc'
target_alias=''

## ----------- ##
## confdefs.h. ##
## ----------- ##

#define PACKAGE_NAME "libquantum"
#define PACKAGE_TARNAME "libquantum"
#define PACKAGE_VERSION "0.9.1"
#define PACKAGE_STRING "libquantum 0.9.1"
#define PACKAGE_BUGREPORT "libquantum@libquantum.de"
#define STDC_HEADERS 1
#define HAVE_SYS_TYPES_H 1
#define HAVE_SYS_STAT_H 1
#define HAVE_STDLIB_H 1
#define HAVE_STRING_H 1
#define HAVE_MEMORY_H 1
#define HAVE_STRINGS_H 1
#define HAVE_INTTYPES_H 1
#define HAVE_STDINT_H 1
#define HAVE_UNISTD_H 1
#define HAVE_DLFCN_H 1
#define HAVE_LIBM 1
#define STDC_HEADERS 1
#define HAVE_FCNTL_H 1
#define HAVE_STDLIB_H 1
#define HAVE_UNISTD_H 1
#define MAX_UNSIGNED unsigned long long
#define COMPLEX_FLOAT float _Complex
#define IMAGINARY 1i
#define HAVE_GCC 1

configure: exit 0
